#
# A fatal error has been detected by the Java Runtime Environment:
#
#  SIGSEGV (0xb) at pc=0x00007fff924f8091, pid=802, tid=52487
#
# JRE version: Java(TM) SE Runtime Environment (7.0_65-b17) (build 1.7.0_65-b17)
# Java VM: Java HotSpot(TM) 64-Bit Server VM (24.65-b04 mixed mode bsd-amd64 compressed oops)
# Problematic frame:
# C  [libobjc.A.dylib+0x5091]  objc_msgSend+0x11
#
# Failed to write core dump. Core dumps have been disabled. To enable core dumping, try "ulimit -c unlimited" before starting Java again
#
# If you would like to submit a bug report, please visit:
#   http://bugreport.sun.com/bugreport/crash.jsp
# The crash happened outside the Java Virtual Machine in native code.
# See problematic frame for where to report the bug.
#

---------------  T H R E A D  ---------------

Current thread (0x00007fb2b48cc000):  JavaThread "Java2D Queue Flusher" daemon [_thread_in_native, id=52487, stack(0x000000011d890000,0x000000011d990000)]

siginfo:si_signo=SIGSEGV: si_errno=0, si_code=0 (SEGV0), si_addr=0x0000000000000000

Registers:
RAX=0x00007fb2b41a3000, RBX=0x00007fb2b48cc1e8, RCX=0x00007fb2b41a3048, RDX=0x00000000a1a1a1a1
RSP=0x000000011d98f798, RBP=0x000000011d98f7c0, RSI=0x00007fff8f51b718, RDI=0x3000000000000000
R8 =0x0000000000000040, R9 =0x000000011d98f700, R10=0x000000010fa775cd, R11=0x000000010f47579f
R12=0x00007fb2b41a3040, R13=0x00000007fb453ae0, R14=0x00007fb2b3d8c540, R15=0x00007fb2b3d91340
RIP=0x00007fff924f8091, EFLAGS=0x0000000000010246, ERR=0x0000000000000000
  TRAPNO=0x000000000000000d

Top of Stack: (sp=0x000000011d98f798)
0x000000011d98f798:   000000011976e263 00007fb2b3d79080
0x000000011d98f7a8:   0000000000000000 00007fb2b4904610
0x000000011d98f7b8:   00007fb2b48cc000 000000011d98f840
0x000000011d98f7c8:   0000000119763bf6 000000001d98f8f0
0x000000011d98f7d8:   00000002b592c2ca 0000000000000000
0x000000011d98f7e8:   000000010f0f59b6 0000000000000064
0x000000011d98f7f8:   00007fb2b48cc000 0000000000000bad
0x000000011d98f808:   00007fb2b4904620 00007fb2008cc000
0x000000011d98f818:   00007fb2b48cc1e8 00000007fb453ae0
0x000000011d98f828:   0000000000000000 000000011d98f8f0
0x000000011d98f838:   00007fb2b48cc000 000000011d98f8b8
0x000000011d98f848:   000000010fa775f9 00000007faf102d7
0x000000011d98f858:   000000011d98f898 00000007faf11900
0x000000011d98f868:   00000007fbd18fd0 000000011d98f890
0x000000011d98f878:   000000011d98f878 0000000000000000
0x000000011d98f888:   000000011d98f8f0 00000007fb455348
0x000000011d98f898:   0000000000000000 00000007fb453ae0
0x000000011d98f8a8:   0000000000000000 000000011d98f8d8
0x000000011d98f8b8:   000000011d98f938 000000010fa650d8
0x000000011d98f8c8:   0000000000000000 000000010fa71f38
0x000000011d98f8d8:   0000000000000020 00007fb2b4904600
0x000000011d98f8e8:   000000078fb86498 000000078fb86390
0x000000011d98f8f8:   000000011d98f8f8 00000007fb453bc5
0x000000011d98f908:   000000011d98f950 00000007fb455348
0x000000011d98f918:   00000007fbd2dfa8 00000007fb453be8
0x000000011d98f928:   000000011d98f8d8 000000011d98f950
0x000000011d98f938:   000000011d98f998 000000010fa650d8
0x000000011d98f948:   0000000000000020 000000078fb86390
0x000000011d98f958:   000000011d98f958 00000007fb453d79
0x000000011d98f968:   000000011d98f9a8 00000007fb455348
0x000000011d98f978:   00000007fbd2de70 00000007fb453d88
0x000000011d98f988:   000000011d98f950 000000011d98f9a8 

Instructions: (pc=0x00007fff924f8091)
0x00007fff924f8071:   90 90 90 90 90 90 90 90 90 90 90 90 90 90 90 48
0x00007fff924f8081:   85 ff 2e 74 72 40 f6 c7 01 2e 0f 85 7e 00 00 00
0x00007fff924f8091:   4c 8b 1f 49 89 f2 45 23 53 18 49 c1 e2 04 4d 03
0x00007fff924f80a1:   53 10 49 3b 32 75 04 41 ff 62 08 49 83 3a 00 74 

Register to memory mapping:

RAX=0x00007fb2b41a3000 is an unknown value
RBX=0x00007fb2b48cc1e8 is an unknown value
RCX=0x00007fb2b41a3048 is an unknown value
RDX=0x00000000a1a1a1a1 is an unknown value
RSP=0x000000011d98f798 is pointing into the stack for thread: 0x00007fb2b48cc000
RBP=0x000000011d98f7c0 is pointing into the stack for thread: 0x00007fb2b48cc000
RSI=0x00007fff8f51b718: NSAppKitVersionNumber+0x15108 in /System/Library/Frameworks/AppKit.framework/Versions/C/AppKit at 0x00007fff8eab6000
RDI=0x3000000000000000 is an unknown value
R8 =0x0000000000000040 is an unknown value
R9 =0x000000011d98f700 is pointing into the stack for thread: 0x00007fb2b48cc000
R10=0x000000010fa775cd is at code_begin+1197 in an Interpreter codelet
method entry point (kind = native)  [0x000000010fa77120, 0x000000010fa77f00]  3552 bytes
R11=0x000000010f47579f: throw_unsatisfied_link_error+0 in /Applications/Greenfoot 2.4.0/Greenfoot.app/Contents/Frameworks/jdk.framework/Versions/A/Contents/Home/jre/lib/server/libjvm.dylib at 0x000000010f000000
R12=0x00007fb2b41a3040 is an unknown value
R13=0x00000007fb453ae0 is an oop
{method} 
 - klass: {other class}
R14=0x00007fb2b3d8c540 is an unknown value
R15=0x00007fb2b3d91340 is an unknown value


Stack: [0x000000011d890000,0x000000011d990000],  sp=0x000000011d98f798,  free space=1021k
Native frames: (J=compiled Java code, j=interpreted, Vv=VM code, C=native code)
C  [libobjc.A.dylib+0x5091]  objc_msgSend+0x11
C  [liblwawt.dylib+0x7bf6]  Java_sun_java2d_opengl_OGLRenderQueue_flushBuffer+0x63a
j  sun.java2d.opengl.OGLRenderQueue.flushBuffer(JI)V+0
j  sun.java2d.opengl.OGLRenderQueue.flushBuffer()V+21
j  sun.java2d.opengl.OGLRenderQueue.access$100(Lsun/java2d/opengl/OGLRenderQueue;)V+1
j  sun.java2d.opengl.OGLRenderQueue$QueueFlusher.run()V+81
v  ~StubRoutines::call_stub
V  [libjvm.dylib+0x2daef8]  JavaCalls::call_helper(JavaValue*, methodHandle*, JavaCallArguments*, Thread*)+0x22a
V  [libjvm.dylib+0x2db40f]  JavaCalls::call_virtual(JavaValue*, KlassHandle, Symbol*, Symbol*, JavaCallArguments*, Thread*)+0x11b
V  [libjvm.dylib+0x2db54c]  JavaCalls::call_virtual(JavaValue*, Handle, KlassHandle, Symbol*, Symbol*, Thread*)+0x4a
V  [libjvm.dylib+0x32a41e]  thread_entry(JavaThread*, Thread*)+0xad
V  [libjvm.dylib+0x4f5855]  JavaThread::thread_main_inner()+0x9b
V  [libjvm.dylib+0x4f6f5d]  JavaThread::run()+0x1a3
V  [libjvm.dylib+0x420772]  java_start(Thread*)+0x126
C  [libsystem_pthread.dylib+0x1899]  _pthread_body+0x8a
C  [libsystem_pthread.dylib+0x172a]  _pthread_struct_init+0x0
C  [libsystem_pthread.dylib+0x5fc9]  thread_start+0xd

Java frames: (J=compiled Java code, j=interpreted, Vv=VM code)
j  sun.java2d.opengl.OGLRenderQueue.flushBuffer(JI)V+0
j  sun.java2d.opengl.OGLRenderQueue.flushBuffer()V+21
j  sun.java2d.opengl.OGLRenderQueue.access$100(Lsun/java2d/opengl/OGLRenderQueue;)V+1
j  sun.java2d.opengl.OGLRenderQueue$QueueFlusher.run()V+81
v  ~StubRoutines::call_stub

---------------  P R O C E S S  ---------------

Java Threads: ( => current thread )
  0x00007fb2b5a09000 JavaThread "Image Fetcher 0" daemon [_thread_blocked, id=15395, stack(0x000000011fb69000,0x000000011fc69000)]
  0x00007fb2b4947000 JavaThread "TimerQueue" daemon [_thread_blocked, id=60443, stack(0x000000012363e000,0x000000012373e000)]
  0x00007fb2b48f1800 JavaThread "main" [_thread_blocked, id=51211, stack(0x000000011dca5000,0x000000011dda5000)]
  0x00007fb2b5a40000 JavaThread "SimulationThread" [_thread_blocked, id=56323, stack(0x000000011f1de000,0x000000011f2de000)]
  0x00007fb2b48ef800 JavaThread "AWT-EventQueue-0" [_thread_in_Java, id=55811, stack(0x000000011efd8000,0x000000011f0d8000)]
  0x00007fb2b5083800 JavaThread "RMI Reaper" [_thread_blocked, id=54787, stack(0x000000011ed8b000,0x000000011ee8b000)]
  0x00007fb2b50d6000 JavaThread "RMI TCP Accept-0" daemon [_thread_in_native, id=54275, stack(0x000000011ec88000,0x000000011ed88000)]
  0x00007fb2b41a4800 JavaThread "Java2D Disposer" daemon [_thread_blocked, id=53555, stack(0x000000011eb1c000,0x000000011ec1c000)]
=>0x00007fb2b48cc000 JavaThread "Java2D Queue Flusher" daemon [_thread_in_native, id=52487, stack(0x000000011d890000,0x000000011d990000)]
  0x00007fb2b5907800 JavaThread "GC Daemon" daemon [_thread_blocked, id=50179, stack(0x000000011db99000,0x000000011dc99000)]
  0x00007fb2b400a000 JavaThread "RMI RenewClean-[127.0.0.1:50443]" daemon [_thread_blocked, id=49667, stack(0x000000011da96000,0x000000011db96000)]
  0x00007fb2b40c3000 JavaThread "RMI Scheduler(0)" daemon [_thread_blocked, id=48395, stack(0x000000011d993000,0x000000011da93000)]
  0x00007fb2b5888800 JavaThread "DestroyJavaVM" [_thread_blocked, id=6403, stack(0x000000010e639000,0x000000010e739000)]
  0x00007fb2b40c3800 JavaThread "BlueJ worker thread" [_thread_blocked, id=48647, stack(0x000000011d78d000,0x000000011d88d000)]
  0x00007fb2b5881000 JavaThread "AWT-Shutdown" [_thread_blocked, id=30475, stack(0x000000011af70000,0x000000011b070000)]
  0x00007fb2b485e800 JavaThread "AppKit Thread" daemon [_thread_in_native, id=3335, stack(0x00007fff5165c000,0x00007fff516dc000)]
  0x00007fb2b4816000 JavaThread "Service Thread" daemon [_thread_blocked, id=21763, stack(0x00000001193a9000,0x00000001194a9000)]
  0x00007fb2b4815800 JavaThread "C2 CompilerThread1" daemon [_thread_blocked, id=21251, stack(0x00000001192a6000,0x00000001193a6000)]
  0x00007fb2b480c800 JavaThread "C2 CompilerThread0" daemon [_thread_blocked, id=20739, stack(0x00000001191a3000,0x00000001192a3000)]
  0x00007fb2b480c000 JavaThread "JDWP Command Reader" daemon [_thread_in_native, id=20227, stack(0x00000001190a0000,0x00000001191a0000)]
  0x00007fb2b480a000 JavaThread "JDWP Event Helper Thread" daemon [_thread_blocked, id=19715, stack(0x0000000118f9d000,0x000000011909d000)]
  0x00007fb2b4809800 JavaThread "JDWP Transport Listener: dt_socket" daemon [_thread_blocked, id=19203, stack(0x0000000118e9a000,0x0000000118f9a000)]
  0x00007fb2b4805000 JavaThread "Signal Dispatcher" daemon [_thread_blocked, id=18691, stack(0x0000000118d97000,0x0000000118e97000)]
  0x00007fb2b4804000 JavaThread "Surrogate Locker Thread (Concurrent GC)" daemon [_thread_blocked, id=17951, stack(0x0000000118c94000,0x0000000118d94000)]
  0x00007fb2b5043800 JavaThread "Finalizer" daemon [_thread_blocked, id=13059, stack(0x0000000118a48000,0x0000000118b48000)]
  0x00007fb2b5043000 JavaThread "Reference Handler" daemon [_thread_blocked, id=12547, stack(0x0000000118945000,0x0000000118a45000)]

Other Threads:
  0x00007fb2b5804000 VMThread [stack: 0x0000000118842000,0x0000000118942000] [id=12035]
  0x00007fb2b580a000 WatcherThread [stack: 0x00000001194ac000,0x00000001195ac000] [id=22275]

VM state:not at safepoint (normal execution)

VM Mutex/Monitor currently owned by a thread: None

Heap
 par new generation   total 39424K, used 477K [0x000000077ae00000, 0x000000077d8c0000, 0x000000078fac0000)
  eden space 35072K,   1% used [0x000000077ae00000, 0x000000077ae776a8, 0x000000077d040000)
  from space 4352K,   0% used [0x000000077d480000, 0x000000077d480000, 0x000000077d8c0000)
  to   space 4352K,   0% used [0x000000077d040000, 0x000000077d040000, 0x000000077d480000)
 concurrent mark-sweep generation total 87424K, used 7235K [0x000000078fac0000, 0x0000000795020000, 0x00000007fae00000)
 concurrent-mark-sweep perm gen total 26064K, used 15552K [0x00000007fae00000, 0x00000007fc774000, 0x0000000800000000)

Card table byte_map: [0x0000000112f2b000,0x0000000113355000] byte_map_base: 0x000000010f354000

Polling page: 0x000000010e778000

Code Cache  [0x000000010fa5f000, 0x000000010fccf000, 0x0000000112a5f000)
 total_blobs=822 nmethods=347 adapters=437 free_code_cache=47692Kb largest_free_block=48803008

Compilation events (10 events):
Event: 1253.678 Thread 0x00007fb2b4815800 nmethod 350 0x000000010fbc7d10 code [0x000000010fbc7e60, 0x000000010fbc7f98]
Event: 1253.678 Thread 0x00007fb2b4815800  351             java.util.LinkedList::add (7 bytes)
Event: 1253.680 Thread 0x00007fb2b4815800 nmethod 351 0x000000010fbce0d0 code [0x000000010fbce220, 0x000000010fbce378]
Event: 1253.680 Thread 0x00007fb2b4815800  352             java.awt.Component::isEnabled (5 bytes)
Event: 1253.680 Thread 0x00007fb2b4815800 nmethod 352 0x000000010fb90190 code [0x000000010fb902c0, 0x000000010fb90318]
Event: 1253.680 Thread 0x00007fb2b4815800  353             java.awt.Component::isEnabledImpl (5 bytes)
Event: 1253.681 Thread 0x00007fb2b4815800 nmethod 353 0x000000010fbc1210 code [0x000000010fbc1340, 0x000000010fbc1398]
Event: 1253.692 Thread 0x00007fb2b4815800  354             sun.font.FontDesignMetrics::stringWidth (154 bytes)
Event: 1253.699 Thread 0x00007fb2b4815800 nmethod 354 0x000000010fbcadd0 code [0x000000010fbcafa0, 0x000000010fbcb588]
Event: 1253.710 Thread 0x00007fb2b480c800 nmethod 349 0x000000010fbd16d0 code [0x000000010fbd19a0, 0x000000010fbd33f0]

GC Heap History (10 events):
Event: 87.988 GC heap before
{Heap before GC invocations=8 (full 11):
 par new generation   total 39424K, used 8053K [0x000000077ae00000, 0x000000077d8c0000, 0x000000078fac0000)
  eden space 35072K,  22% used [0x000000077ae00000, 0x000000077b5dd7b0, 0x000000077d040000)
  from space 4352K,   0% used [0x000000077d480000, 0x000000077d480000, 0x000000077d8c0000)
  to   space 4352K,   0% used [0x000000077d040000, 0x000000077d040000, 0x000000077d480000)
 concurrent mark-sweep generation total 87424K, used 5333K [0x000000078fac0000, 0x0000000795020000, 0x00000007fae00000)
 concurrent-mark-sweep perm gen total 25488K, used 15319K [0x00000007fae00000, 0x00000007fc6e4000, 0x0000000800000000)
Event: 88.040 GC heap after
Heap after GC invocations=9 (full 12):
 par new generation   total 39424K, used 0K [0x000000077ae00000, 0x000000077d8c0000, 0x000000078fac0000)
  eden space 35072K,   0% used [0x000000077ae00000, 0x000000077ae00000, 0x000000077d040000)
  from space 4352K,   0% used [0x000000077d480000, 0x000000077d480000, 0x000000077d8c0000)
  to   space 4352K,   0% used [0x000000077d040000, 0x000000077d040000, 0x000000077d480000)
 concurrent mark-sweep generation total 87424K, used 5380K [0x000000078fac0000, 0x0000000795020000, 0x00000007fae00000)
 concurrent-mark-sweep perm gen total 25680K, used 15298K [0x00000007fae00000, 0x00000007fc714000, 0x0000000800000000)
}
Event: 88.040 GC heap before
{Heap before GC invocations=9 (full 12):
 par new generation   total 39424K, used 1052K [0x000000077ae00000, 0x000000077d8c0000, 0x000000078fac0000)
  eden space 35072K,   3% used [0x000000077ae00000, 0x000000077af07128, 0x000000077d040000)
  from space 4352K,   0% used [0x000000077d480000, 0x000000077d480000, 0x000000077d8c0000)
  to   space 4352K,   0% used [0x000000077d040000, 0x000000077d040000, 0x000000077d480000)
 concurrent mark-sweep generation total 87424K, used 5380K [0x000000078fac0000, 0x0000000795020000, 0x00000007fae00000)
 concurrent-mark-sweep perm gen total 25680K, used 15298K [0x00000007fae00000, 0x00000007fc714000, 0x0000000800000000)
Event: 88.071 GC heap after
Heap after GC invocations=10 (full 13):
 par new generation   total 39424K, used 0K [0x000000077ae00000, 0x000000077d8c0000, 0x000000078fac0000)
  eden space 35072K,   0% used [0x000000077ae00000, 0x000000077ae00000, 0x000000077d040000)
  from space 4352K,   0% used [0x000000077d480000, 0x000000077d480000, 0x000000077d8c0000)
  to   space 4352K,   0% used [0x000000077d040000, 0x000000077d040000, 0x000000077d480000)
 concurrent mark-sweep generation total 87424K, used 5349K [0x000000078fac0000, 0x0000000795020000, 0x00000007fae00000)
 concurrent-mark-sweep perm gen total 25680K, used 15298K [0x00000007fae00000, 0x00000007fc714000, 0x0000000800000000)
}
Event: 137.158 GC heap before
{Heap before GC invocations=10 (full 14):
 par new generation   total 39424K, used 27949K [0x000000077ae00000, 0x000000077d8c0000, 0x000000078fac0000)
  eden space 35072K,  79% used [0x000000077ae00000, 0x000000077c94b638, 0x000000077d040000)
  from space 4352K,   0% used [0x000000077d480000, 0x000000077d480000, 0x000000077d8c0000)
  to   space 4352K,   0% used [0x000000077d040000, 0x000000077d040000, 0x000000077d480000)
 concurrent mark-sweep generation total 87424K, used 5296K [0x000000078fac0000, 0x0000000795020000, 0x00000007fae00000)
 concurrent-mark-sweep perm gen total 25872K, used 15542K [0x00000007fae00000, 0x00000007fc744000, 0x0000000800000000)
Event: 137.196 GC heap after
Heap after GC invocations=11 (full 15):
 par new generation   total 39424K, used 0K [0x000000077ae00000, 0x000000077d8c0000, 0x000000078fac0000)
  eden space 35072K,   0% used [0x000000077ae00000, 0x000000077ae00000, 0x000000077d040000)
  from space 4352K,   0% used [0x000000077d480000, 0x000000077d480000, 0x000000077d8c0000)
  to   space 4352K,   0% used [0x000000077d040000, 0x000000077d040000, 0x000000077d480000)
 concurrent mark-sweep generation total 87424K, used 5388K [0x000000078fac0000, 0x0000000795020000, 0x00000007fae00000)
 concurrent-mark-sweep perm gen total 26064K, used 15541K [0x00000007fae00000, 0x00000007fc774000, 0x0000000800000000)
}
Event: 1253.732 GC heap before
{Heap before GC invocations=11 (full 16):
 par new generation   total 39424K, used 18867K [0x000000077ae00000, 0x000000077d8c0000, 0x000000078fac0000)
  eden space 35072K,  53% used [0x000000077ae00000, 0x000000077c06cd18, 0x000000077d040000)
  from space 4352K,   0% used [0x000000077d480000, 0x000000077d480000, 0x000000077d8c0000)
  to   space 4352K,   0% used [0x000000077d040000, 0x000000077d040000, 0x000000077d480000)
 concurrent mark-sweep generation total 87424K, used 5388K [0x000000078fac0000, 0x0000000795020000, 0x00000007fae00000)
 concurrent-mark-sweep perm gen total 26064K, used 15552K [0x00000007fae00000, 0x00000007fc774000, 0x0000000800000000)
Event: 1253.767 GC heap after
Heap after GC invocations=12 (full 17):
 par new generation   total 39424K, used 0K [0x000000077ae00000, 0x000000077d8c0000, 0x000000078fac0000)
  eden space 35072K,   0% used [0x000000077ae00000, 0x000000077ae00000, 0x000000077d040000)
  from space 4352K,   0% used [0x000000077d480000, 0x000000077d480000, 0x000000077d8c0000)
  to   space 4352K,   0% used [0x000000077d040000, 0x000000077d040000, 0x000000077d480000)
 concurrent mark-sweep generation total 87424K, used 7238K [0x000000078fac0000, 0x0000000795020000, 0x00000007fae00000)
 concurrent-mark-sweep perm gen total 26064K, used 15552K [0x00000007fae00000, 0x00000007fc774000, 0x0000000800000000)
}
Event: 1253.768 GC heap before
{Heap before GC invocations=12 (full 17):
 par new generation   total 39424K, used 575K [0x000000077ae00000, 0x000000077d8c0000, 0x000000078fac0000)
  eden space 35072K,   1% used [0x000000077ae00000, 0x000000077ae8fcc0, 0x000000077d040000)
  from space 4352K,   0% used [0x000000077d480000, 0x000000077d480000, 0x000000077d8c0000)
  to   space 4352K,   0% used [0x000000077d040000, 0x000000077d040000, 0x000000077d480000)
 concurrent mark-sweep generation total 87424K, used 7238K [0x000000078fac0000, 0x0000000795020000, 0x00000007fae00000)
 concurrent-mark-sweep perm gen total 26064K, used 15552K [0x00000007fae00000, 0x00000007fc774000, 0x0000000800000000)
Event: 1253.802 GC heap after
Heap after GC invocations=13 (full 18):
 par new generation   total 39424K, used 0K [0x000000077ae00000, 0x000000077d8c0000, 0x000000078fac0000)
  eden space 35072K,   0% used [0x000000077ae00000, 0x000000077ae00000, 0x000000077d040000)
  from space 4352K,   0% used [0x000000077d480000, 0x000000077d480000, 0x000000077d8c0000)
  to   space 4352K,   0% used [0x000000077d040000, 0x000000077d040000, 0x000000077d480000)
 concurrent mark-sweep generation total 87424K, used 7235K [0x000000078fac0000, 0x0000000795020000, 0x00000007fae00000)
 concurrent-mark-sweep perm gen total 26064K, used 15552K [0x00000007fae00000, 0x00000007fc774000, 0x0000000800000000)
}

Deoptimization events (10 events):
Event: 1250.989 Thread 0x00007fb2b48ef800 Uncommon trap: reason=unreached action=reinterpret pc=0x000000010fb908c0 method=java.util.concurrent.ConcurrentHashMap.get(Ljava/lang/Object;)Ljava/lang/Object; @ 47
Event: 1250.992 Thread 0x00007fb2b48ef800 Uncommon trap: reason=unreached action=reinterpret pc=0x000000010fb4832c method=java.util.concurrent.ConcurrentHashMap.get(Ljava/lang/Object;)Ljava/lang/Object; @ 47
Event: 1253.670 Thread 0x00007fb2b48ef800 Uncommon trap: reason=class_check action=maybe_recompile pc=0x000000010fb771c4 method=java.util.AbstractList.listIterator()Ljava/util/ListIterator; @ 2
Event: 1253.675 Thread 0x00007fb2b5a40000 Uncommon trap: reason=unreached action=reinterpret pc=0x000000010fb719fc method=greenfoot.core.WorldHandler.getWorld()Lgreenfoot/World; @ 4
Event: 1253.676 Thread 0x00007fb2b5a40000 Uncommon trap: reason=unreached action=reinterpret pc=0x000000010fb2bb4c method=java.util.HashMap$HashIterator.nextEntry()Ljava/util/HashMap$Entry; @ 48
Event: 1253.677 Thread 0x00007fb2b5a40000 Uncommon trap: reason=class_check action=maybe_recompile pc=0x000000010fb76968 method=sun.java2d.SurfaceData.getTransparency()I @ 4
Event: 1253.686 Thread 0x00007fb2b5a40000 Uncommon trap: reason=class_check action=maybe_recompile pc=0x000000010fb76968 method=sun.java2d.SurfaceData.getTransparency()I @ 4
Event: 1253.710 Thread 0x00007fb2b5a40000 Uncommon trap: reason=class_check action=maybe_recompile pc=0x000000010fbc301c method=java.util.AbstractCollection.addAll(Ljava/util/Collection;)Z @ 3
Event: 1253.714 Thread 0x00007fb2b5a40000 Uncommon trap: reason=class_check action=maybe_recompile pc=0x000000010fb76968 method=sun.java2d.SurfaceData.getTransparency()I @ 4
Event: 1253.729 Thread 0x00007fb2b5a40000 Uncommon trap: reason=class_check action=maybe_recompile pc=0x000000010fbc301c method=java.util.AbstractCollection.addAll(Ljava/util/Collection;)Z @ 3

Internal exceptions (10 events):
Event: 99.764 Thread 0x00007fb2b5a40000 Implicit null exception at 0x000000010fb28084 to 0x000000010fb283b4
Event: 109.082 Thread 0x00007fb2b48ef800 Threw 0x000000077ba51f80 at /HUDSON/workspace/7u-2-build-macosx-x86_64/jdk7u65/1224/hotspot/src/share/vm/prims/jvm.cpp:1244
Event: 109.082 Thread 0x00007fb2b48ef800 Threw 0x000000077ba550a8 at /HUDSON/workspace/7u-2-build-macosx-x86_64/jdk7u65/1224/hotspot/src/share/vm/prims/jvm.cpp:1244
Event: 109.082 Thread 0x00007fb2b48ef800 Threw 0x000000077ba57b20 at /HUDSON/workspace/7u-2-build-macosx-x86_64/jdk7u65/1224/hotspot/src/share/vm/prims/jvm.cpp:1244
Event: 137.108 Thread 0x00007fb2b48ef800 Implicit null exception at 0x000000010fb98f49 to 0x000000010fb99581
Event: 137.158 Thread 0x00007fb2b5a40000 Threw 0x000000077c8baf70 at /HUDSON/workspace/7u-2-build-macosx-x86_64/jdk7u65/1224/hotspot/src/share/vm/prims/jvm.cpp:2965
Event: 137.202 Thread 0x00007fb2b48ef800 Threw 0x000000077ae050b0 at /HUDSON/workspace/7u-2-build-macosx-x86_64/jdk7u65/1224/hotspot/src/share/vm/prims/jvm.cpp:1244
Event: 703.568 Thread 0x00007fb2b485e800 Implicit null exception at 0x000000010fb57608 to 0x000000010fb5ac05
Event: 1250.989 Thread 0x00007fb2b48ef800 Implicit null exception at 0x000000010fb90654 to 0x000000010fb90899
Event: 1250.992 Thread 0x00007fb2b48ef800 Implicit null exception at 0x000000010fb48155 to 0x000000010fb48305

Events (10 events):
Event: 1253.729 Thread 0x00007fb2b5a40000 Uncommon trap: trap_request=0xffffffde fr.pc=0x000000010fbc301c
Event: 1253.729 Thread 0x00007fb2b5a40000 DEOPT PACKING pc=0x000000010fbc301c sp=0x000000011f2dc920
Event: 1253.729 Thread 0x00007fb2b5a40000 DEOPT UNPACKING pc=0x000000010fa98045 sp=0x000000011f2dc900 mode 2
Event: 1253.732 Executing VM operation: GenCollectFull
Event: 1253.767 Executing VM operation: GenCollectFull done
Event: 1253.767 Executing VM operation: RevokeBias
Event: 1253.768 Executing VM operation: RevokeBias done
Event: 1253.768 Executing VM operation: GenCollectFull
Event: 1253.802 Executing VM operation: GenCollectFull done
Event: 1253.802 Executing VM operation: CMS_Initial_Mark


Dynamic libraries:
0x000000000a41c000 	/System/Library/Frameworks/Cocoa.framework/Versions/A/Cocoa
0x000000000a41c000 	/System/Library/Frameworks/Security.framework/Versions/A/Security
0x000000000a41c000 	/System/Library/Frameworks/ApplicationServices.framework/Versions/A/ApplicationServices
0x000000000a41c000 	/usr/lib/libz.1.dylib
0x000000000a41c000 	/usr/lib/libSystem.B.dylib
0x000000000a41c000 	/usr/lib/libobjc.A.dylib
0x000000000a41c000 	/System/Library/Frameworks/CoreFoundation.framework/Versions/A/CoreFoundation
0x000000000a41c000 	/System/Library/Frameworks/Foundation.framework/Versions/C/Foundation
0x000000000a41c000 	/System/Library/Frameworks/AppKit.framework/Versions/C/AppKit
0x000000000a41c000 	/System/Library/Frameworks/CoreData.framework/Versions/A/CoreData
0x000000000a41c000 	/System/Library/PrivateFrameworks/RemoteViewServices.framework/Versions/A/RemoteViewServices
0x000000000a41c000 	/System/Library/Frameworks/AudioToolbox.framework/Versions/A/AudioToolbox
0x000000000a41c000 	/System/Library/Frameworks/AudioUnit.framework/Versions/A/AudioUnit
0x000000000a41c000 	/System/Library/PrivateFrameworks/DataDetectorsCore.framework/Versions/A/DataDetectorsCore
0x000000000a41c000 	/System/Library/PrivateFrameworks/DesktopServicesPriv.framework/Versions/A/DesktopServicesPriv
0x000000000a41c000 	/System/Library/Frameworks/Carbon.framework/Versions/A/Frameworks/HIToolbox.framework/Versions/A/HIToolbox
0x000000000a41c000 	/System/Library/Frameworks/QuartzCore.framework/Versions/A/QuartzCore
0x000000000a41c000 	/System/Library/Frameworks/Carbon.framework/Versions/A/Frameworks/SpeechRecognition.framework/Versions/A/SpeechRecognition
0x000000000a41c000 	/usr/lib/libauto.dylib
0x000000000a41c000 	/usr/lib/libicucore.A.dylib
0x000000000a41c000 	/usr/lib/libxml2.2.dylib
0x000000000a41c000 	/System/Library/PrivateFrameworks/CoreUI.framework/Versions/A/CoreUI
0x000000000a41c000 	/System/Library/Frameworks/CoreAudio.framework/Versions/A/CoreAudio
0x000000000a41c000 	/System/Library/Frameworks/DiskArbitration.framework/Versions/A/DiskArbitration
0x000000000a41c000 	/usr/lib/liblangid.dylib
0x000000000a41c000 	/System/Library/PrivateFrameworks/MultitouchSupport.framework/Versions/A/MultitouchSupport
0x000000000a41c000 	/System/Library/Frameworks/IOKit.framework/Versions/A/IOKit
0x000000000a41c000 	/usr/lib/libDiagnosticMessagesClient.dylib
0x000000000a41c000 	/System/Library/Frameworks/CoreServices.framework/Versions/A/CoreServices
0x000000000a41c000 	/System/Library/PrivateFrameworks/PerformanceAnalysis.framework/Versions/A/PerformanceAnalysis
0x000000000a41c000 	/System/Library/PrivateFrameworks/GenerationalStorage.framework/Versions/A/GenerationalStorage
0x000000000a41c000 	/System/Library/Frameworks/OpenGL.framework/Versions/A/OpenGL
0x000000000a41c000 	/System/Library/PrivateFrameworks/Sharing.framework/Versions/A/Sharing
0x000000000a41c000 	/System/Library/Frameworks/ImageIO.framework/Versions/A/ImageIO
0x000000000a41c000 	/System/Library/Frameworks/CoreText.framework/Versions/A/CoreText
0x000000000a41c000 	/System/Library/Frameworks/CoreGraphics.framework/Versions/A/CoreGraphics
0x000000000a41c000 	/System/Library/PrivateFrameworks/Backup.framework/Versions/A/Backup
0x000000000a41c000 	/System/Library/Frameworks/CFNetwork.framework/Versions/A/CFNetwork
0x000000000a41c000 	/System/Library/Frameworks/SystemConfiguration.framework/Versions/A/SystemConfiguration
0x000000000a41c000 	/usr/lib/libCRFSuite.dylib
0x000000000a41c000 	/usr/lib/libc++.1.dylib
0x000000000a41c000 	/usr/lib/libc++abi.dylib
0x000000000a41c000 	/usr/lib/system/libcache.dylib
0x000000000a41c000 	/usr/lib/system/libcommonCrypto.dylib
0x000000000a41c000 	/usr/lib/system/libcompiler_rt.dylib
0x000000000a41c000 	/usr/lib/system/libcopyfile.dylib
0x000000000a41c000 	/usr/lib/system/libcorecrypto.dylib
0x000000000a41c000 	/usr/lib/system/libdispatch.dylib
0x000000000a41c000 	/usr/lib/system/libdyld.dylib
0x000000000a41c000 	/usr/lib/system/libkeymgr.dylib
0x000000000a41c000 	/usr/lib/system/liblaunch.dylib
0x000000000a41c000 	/usr/lib/system/libmacho.dylib
0x000000000a41c000 	/usr/lib/system/libquarantine.dylib
0x000000000a41c000 	/usr/lib/system/libremovefile.dylib
0x000000000a41c000 	/usr/lib/system/libsystem_asl.dylib
0x000000000a41c000 	/usr/lib/system/libsystem_blocks.dylib
0x000000000a41c000 	/usr/lib/system/libsystem_c.dylib
0x000000000a41c000 	/usr/lib/system/libsystem_configuration.dylib
0x000000000a41c000 	/usr/lib/system/libsystem_dnssd.dylib
0x000000000a41c000 	/usr/lib/system/libsystem_info.dylib
0x000000000a41c000 	/usr/lib/system/libsystem_kernel.dylib
0x000000000a41c000 	/usr/lib/system/libsystem_m.dylib
0x000000000a41c000 	/usr/lib/system/libsystem_malloc.dylib
0x000000000a41c000 	/usr/lib/system/libsystem_network.dylib
0x000000000a41c000 	/usr/lib/system/libsystem_notify.dylib
0x000000000a41c000 	/usr/lib/system/libsystem_platform.dylib
0x000000000a41c000 	/usr/lib/system/libsystem_pthread.dylib
0x000000000a41c000 	/usr/lib/system/libsystem_sandbox.dylib
0x000000000a41c000 	/usr/lib/system/libsystem_stats.dylib
0x000000000a41c000 	/usr/lib/system/libunc.dylib
0x000000000a41c000 	/usr/lib/system/libunwind.dylib
0x000000000a41c000 	/usr/lib/system/libxpc.dylib
0x000000000a41c000 	/usr/lib/libbsm.0.dylib
0x000000000a41c000 	/usr/lib/libsqlite3.dylib
0x000000000a41c000 	/usr/lib/libxar.1.dylib
0x000000000a41c000 	/usr/lib/libpam.2.dylib
0x000000000a41c000 	/usr/lib/libOpenScriptingUtil.dylib
0x000000000a41c000 	/usr/lib/libbz2.1.0.dylib
0x000000000a41c000 	/System/Library/Frameworks/CoreServices.framework/Versions/A/Frameworks/CarbonCore.framework/Versions/A/CarbonCore
0x000000000a41c000 	/System/Library/Frameworks/CoreServices.framework/Versions/A/Frameworks/Metadata.framework/Versions/A/Metadata
0x000000000a41c000 	/System/Library/Frameworks/CoreServices.framework/Versions/A/Frameworks/OSServices.framework/Versions/A/OSServices
0x000000000a41c000 	/System/Library/Frameworks/CoreServices.framework/Versions/A/Frameworks/SearchKit.framework/Versions/A/SearchKit
0x000000000a41c000 	/System/Library/Frameworks/CoreServices.framework/Versions/A/Frameworks/AE.framework/Versions/A/AE
0x000000000a41c000 	/System/Library/Frameworks/CoreServices.framework/Versions/A/Frameworks/LaunchServices.framework/Versions/A/LaunchServices
0x000000000a41c000 	/System/Library/Frameworks/CoreServices.framework/Versions/A/Frameworks/DictionaryServices.framework/Versions/A/DictionaryServices
0x000000000a41c000 	/System/Library/Frameworks/NetFS.framework/Versions/A/NetFS
0x000000000a41c000 	/usr/lib/system/libkxld.dylib
0x000000000a41c000 	/System/Library/PrivateFrameworks/NetAuth.framework/Versions/A/NetAuth
0x000000000a41c000 	/System/Library/PrivateFrameworks/TCC.framework/Versions/A/TCC
0x000000000a41c000 	/System/Library/Frameworks/OpenDirectory.framework/Versions/A/Frameworks/CFOpenDirectory.framework/Versions/A/CFOpenDirectory
0x000000000a41c000 	/System/Library/Frameworks/ServiceManagement.framework/Versions/A/ServiceManagement
0x000000000a41c000 	/usr/lib/libxslt.1.dylib
0x000000000a41c000 	/System/Library/Frameworks/Carbon.framework/Versions/A/Frameworks/Ink.framework/Versions/A/Ink
0x000000000a41c000 	/System/Library/Frameworks/ApplicationServices.framework/Versions/A/Frameworks/ATS.framework/Versions/A/ATS
0x000000000a41c000 	/System/Library/Frameworks/ApplicationServices.framework/Versions/A/Frameworks/ColorSync.framework/Versions/A/ColorSync
0x000000000a41c000 	/System/Library/Frameworks/ApplicationServices.framework/Versions/A/Frameworks/HIServices.framework/Versions/A/HIServices
0x000000000a41c000 	/System/Library/Frameworks/ApplicationServices.framework/Versions/A/Frameworks/LangAnalysis.framework/Versions/A/LangAnalysis
0x000000000a41c000 	/System/Library/Frameworks/ApplicationServices.framework/Versions/A/Frameworks/PrintCore.framework/Versions/A/PrintCore
0x000000000a41c000 	/System/Library/Frameworks/ApplicationServices.framework/Versions/A/Frameworks/QD.framework/Versions/A/QD
0x000000000a41c000 	/System/Library/Frameworks/ApplicationServices.framework/Versions/A/Frameworks/SpeechSynthesis.framework/Versions/A/SpeechSynthesis
0x000000000a41c000 	/System/Library/Frameworks/IOSurface.framework/Versions/A/IOSurface
0x000000000a41c000 	/System/Library/Frameworks/Accelerate.framework/Versions/A/Accelerate
0x000000000a41c000 	/System/Library/Frameworks/Accelerate.framework/Versions/A/Frameworks/vImage.framework/Versions/A/vImage
0x000000000a41c000 	/System/Library/Frameworks/Accelerate.framework/Versions/A/Frameworks/vecLib.framework/Versions/A/vecLib
0x000000000a41c000 	/System/Library/Frameworks/Accelerate.framework/Versions/A/Frameworks/vecLib.framework/Versions/A/libvDSP.dylib
0x000000000a41c000 	/System/Library/Frameworks/Accelerate.framework/Versions/A/Frameworks/vecLib.framework/Versions/A/libvMisc.dylib
0x000000000a41c000 	/System/Library/Frameworks/Accelerate.framework/Versions/A/Frameworks/vecLib.framework/Versions/A/libLAPACK.dylib
0x000000000a41c000 	/System/Library/Frameworks/Accelerate.framework/Versions/A/Frameworks/vecLib.framework/Versions/A/libBLAS.dylib
0x000000000a41c000 	/System/Library/Frameworks/ApplicationServices.framework/Versions/A/Frameworks/ATS.framework/Versions/A/Resources/libFontParser.dylib
0x000000000a41c000 	/System/Library/Frameworks/ApplicationServices.framework/Versions/A/Frameworks/ATS.framework/Versions/A/Resources/libFontRegistry.dylib
0x000000000a41c000 	/System/Library/Frameworks/ImageIO.framework/Versions/A/Resources/libJPEG.dylib
0x000000000a41c000 	/System/Library/Frameworks/ImageIO.framework/Versions/A/Resources/libTIFF.dylib
0x000000000a41c000 	/System/Library/Frameworks/ImageIO.framework/Versions/A/Resources/libPng.dylib
0x000000000a41c000 	/System/Library/Frameworks/ImageIO.framework/Versions/A/Resources/libGIF.dylib
0x000000000a41c000 	/System/Library/Frameworks/ImageIO.framework/Versions/A/Resources/libJP2.dylib
0x000000000a41c000 	/System/Library/Frameworks/ImageIO.framework/Versions/A/Resources/libRadiance.dylib
0x000000000a41c000 	/usr/lib/libcups.2.dylib
0x000000000a41c000 	/System/Library/Frameworks/Kerberos.framework/Versions/A/Kerberos
0x000000000a41c000 	/System/Library/Frameworks/GSS.framework/Versions/A/GSS
0x000000000a41c000 	/usr/lib/libresolv.9.dylib
0x000000000a41c000 	/usr/lib/libiconv.2.dylib
0x000000000a41c000 	/System/Library/PrivateFrameworks/Heimdal.framework/Versions/A/Heimdal
0x000000000a41c000 	/System/Library/PrivateFrameworks/TrustEvaluationAgent.framework/Versions/A/TrustEvaluationAgent
0x000000000a41c000 	/usr/lib/libheimdal-asn1.dylib
0x000000000a41c000 	/System/Library/Frameworks/OpenDirectory.framework/Versions/A/OpenDirectory
0x000000000a41c000 	/System/Library/PrivateFrameworks/CommonAuth.framework/Versions/A/CommonAuth
0x000000000a41c000 	/System/Library/Frameworks/SecurityFoundation.framework/Versions/A/SecurityFoundation
0x000000000a41c000 	/System/Library/PrivateFrameworks/Bom.framework/Versions/A/Bom
0x000000000a41c000 	/System/Library/Frameworks/CoreVideo.framework/Versions/A/CoreVideo
0x000000000a41c000 	/System/Library/Frameworks/QuartzCore.framework/Versions/A/Frameworks/CoreImage.framework/Versions/A/CoreImage
0x000000000a41c000 	/System/Library/Frameworks/QuartzCore.framework/Versions/A/Frameworks/ScalableUserInterface.framework/Versions/A/ScalableUserInterface
0x000000000a41c000 	/System/Library/Frameworks/OpenGL.framework/Versions/A/Libraries/libGLU.dylib
0x000000000a41c000 	/System/Library/Frameworks/OpenGL.framework/Versions/A/Libraries/libGFXShared.dylib
0x000000000a41c000 	/System/Library/Frameworks/OpenGL.framework/Versions/A/Libraries/libGL.dylib
0x000000000a41c000 	/System/Library/Frameworks/OpenGL.framework/Versions/A/Libraries/libGLImage.dylib
0x000000000a41c000 	/System/Library/Frameworks/OpenGL.framework/Versions/A/Libraries/libCVMSPluginSupport.dylib
0x000000000a41c000 	/System/Library/Frameworks/OpenGL.framework/Versions/A/Libraries/libCoreVMClient.dylib
0x000000000a41c000 	/System/Library/PrivateFrameworks/FaceCore.framework/Versions/A/FaceCore
0x000000000a41c000 	/System/Library/PrivateFrameworks/CrashReporterSupport.framework/Versions/A/CrashReporterSupport
0x000000000a41c000 	/System/Library/Frameworks/OpenCL.framework/Versions/A/OpenCL
0x000000000a41c000 	/System/Library/PrivateFrameworks/AppleFSCompression.framework/Versions/A/AppleFSCompression
0x000000000a41c000 	/System/Library/PrivateFrameworks/Ubiquity.framework/Versions/A/Ubiquity
0x000000000a41c000 	/System/Library/PrivateFrameworks/IconServices.framework/Versions/A/IconServices
0x000000000a41c000 	/System/Library/PrivateFrameworks/ChunkingLibrary.framework/Versions/A/ChunkingLibrary
0x000000000a41c000 	/System/Library/PrivateFrameworks/CoreSymbolication.framework/Versions/A/CoreSymbolication
0x000000000a41c000 	/System/Library/PrivateFrameworks/Symbolication.framework/Versions/A/Symbolication
0x000000000a41c000 	/System/Library/PrivateFrameworks/DebugSymbols.framework/Versions/A/DebugSymbols
0x000000010f000000 	/Applications/Greenfoot 2.4.0/Greenfoot.app/Contents/Frameworks/jdk.framework/Versions/A/Contents/Home/jre/lib/server/libjvm.dylib
0x000000000a41c000 	/usr/lib/libstdc++.6.dylib
0x000000010e73b000 	/Applications/Greenfoot 2.4.0/Greenfoot.app/Contents/Frameworks/jdk.framework/Versions/A/Contents/Home/jre/lib/libverify.dylib
0x000000010e748000 	/Applications/Greenfoot 2.4.0/Greenfoot.app/Contents/Frameworks/jdk.framework/Versions/A/Contents/Home/jre/lib/libjava.dylib
0x000000010e779000 	/Applications/Greenfoot 2.4.0/Greenfoot.app/Contents/Frameworks/jdk.framework/Versions/A/Contents/Home/jre/lib/libjdwp.dylib
0x000000010e7b6000 	/Applications/Greenfoot 2.4.0/Greenfoot.app/Contents/Frameworks/jdk.framework/Versions/A/Contents/Home/jre/lib/libnpt.dylib
0x000000010e7c3000 	/Applications/Greenfoot 2.4.0/Greenfoot.app/Contents/Frameworks/jdk.framework/Versions/A/Contents/Home/jre/lib/libzip.dylib
0x0000000118b4a000 	/System/Library/Frameworks/JavaVM.framework/Frameworks/JavaRuntimeSupport.framework/JavaRuntimeSupport
0x0000000118b62000 	/System/Library/Frameworks/JavaVM.framework/Versions/A/Frameworks/JavaNativeFoundation.framework/Versions/A/JavaNativeFoundation
0x0000000118b76000 	/System/Library/Frameworks/JavaVM.framework/Versions/A/JavaVM
0x000000000a41c000 	/System/Library/Frameworks/Carbon.framework/Versions/A/Carbon
0x0000000118b82000 	/System/Library/PrivateFrameworks/JavaLaunching.framework/Versions/A/JavaLaunching
0x000000000a41c000 	/System/Library/Frameworks/Carbon.framework/Versions/A/Frameworks/CommonPanels.framework/Versions/A/CommonPanels
0x000000000a41c000 	/System/Library/Frameworks/Carbon.framework/Versions/A/Frameworks/Help.framework/Versions/A/Help
0x000000000a41c000 	/System/Library/Frameworks/Carbon.framework/Versions/A/Frameworks/ImageCapture.framework/Versions/A/ImageCapture
0x000000000a41c000 	/System/Library/Frameworks/Carbon.framework/Versions/A/Frameworks/OpenScripting.framework/Versions/A/OpenScripting
0x000000000a41c000 	/System/Library/Frameworks/Carbon.framework/Versions/A/Frameworks/Print.framework/Versions/A/Print
0x000000000a41c000 	/System/Library/Frameworks/Carbon.framework/Versions/A/Frameworks/SecurityHI.framework/Versions/A/SecurityHI
0x000000010e7f9000 	/Applications/Greenfoot 2.4.0/Greenfoot.app/Contents/Frameworks/jdk.framework/Versions/A/Contents/Home/jre/lib/libdt_socket.dylib
0x00000001195e1000 	/Applications/Greenfoot 2.4.0/Greenfoot.app/Contents/Frameworks/jdk.framework/Versions/A/Contents/Home/jre/lib/libawt.dylib
0x0000000119690000 	/Applications/Greenfoot 2.4.0/Greenfoot.app/Contents/Frameworks/jdk.framework/Versions/A/Contents/Home/jre/lib/./libmlib_image.dylib
0x000000011975c000 	/Applications/Greenfoot 2.4.0/Greenfoot.app/Contents/Frameworks/jdk.framework/Versions/A/Contents/Home/jre/lib/lwawt/liblwawt.dylib
0x0000000119810000 	/Applications/Greenfoot 2.4.0/Greenfoot.app/Contents/Frameworks/jdk.framework/Versions/A/Contents/Home/jre/lib/libosxapp.dylib
0x000000000a41c000 	/System/Library/Frameworks/ExceptionHandling.framework/Versions/A/ExceptionHandling
0x000000000a41c000 	/System/Library/PrivateFrameworks/CoreServicesInternal.framework/Versions/A/CoreServicesInternal
0x000000000a41c000 	/System/Library/PrivateFrameworks/Librarian.framework/Versions/A/Librarian
0x000000000a41c000 	/System/Library/Frameworks/CoreGraphics.framework/Versions/A/Resources/libCGCMS.A.dylib
0x000000000a41c000 	/System/Library/CoreServices/RawCamera.bundle/Contents/MacOS/RawCamera
0x000000000a41c000 	/System/Library/Frameworks/CoreGraphics.framework/Versions/A/Resources/libRIP.A.dylib
0x000000000a41c000 	/System/Library/Frameworks/CoreGraphics.framework/Versions/A/Resources/libCGXType.A.dylib
0x000000000a41c000 	/System/Library/PrivateFrameworks/FamilyControls.framework/Versions/A/FamilyControls
0x000000000a41c000 	/System/Library/PrivateFrameworks/CommerceKit.framework/Versions/A/Frameworks/CommerceCore.framework/Versions/A/CommerceCore
0x000000000a41c000 	/System/Library/PrivateFrameworks/SystemAdministration.framework/Versions/A/SystemAdministration
0x000000000a41c000 	/System/Library/Frameworks/DirectoryService.framework/Versions/A/DirectoryService
0x000000000a41c000 	/System/Library/PrivateFrameworks/DiskImages.framework/Versions/A/DiskImages
0x000000000a41c000 	/System/Library/PrivateFrameworks/LoginUIKit.framework/Versions/A/Frameworks/LoginUICore.framework/Versions/A/LoginUICore
0x000000000a41c000 	/usr/lib/libCoreStorage.dylib
0x000000000a41c000 	/usr/lib/libcsfde.dylib
0x000000000a41c000 	/usr/lib/libodfde.dylib
0x000000000a41c000 	/System/Library/Frameworks/DiscRecording.framework/Versions/A/DiscRecording
0x000000000a41c000 	/usr/lib/libcurl.4.dylib
0x000000000a41c000 	/System/Library/PrivateFrameworks/MediaKit.framework/Versions/A/MediaKit
0x000000000a41c000 	/System/Library/PrivateFrameworks/EFILogin.framework/Versions/A/EFILogin
0x000000000a41c000 	/usr/lib/libutil.dylib
0x000000000a41c000 	/System/Library/PrivateFrameworks/AOSNotification.framework/Versions/A/AOSNotification
0x000000000a41c000 	/System/Library/Frameworks/LDAP.framework/Versions/A/LDAP
0x000000000a41c000 	/usr/lib/libsasl2.2.dylib
0x000000000a41c000 	/usr/lib/libcrypto.0.9.8.dylib
0x000000000a41c000 	/usr/lib/libssl.0.9.8.dylib
0x000000011d622000 	/Applications/Greenfoot 2.4.0/Greenfoot.app/Contents/Frameworks/jdk.framework/Versions/A/Contents/Home/jre/lib/libfontmanager.dylib
0x000000011b0cf000 	/Applications/Greenfoot 2.4.0/Greenfoot.app/Contents/Frameworks/jdk.framework/Versions/A/Contents/Home/jre/lib/libnet.dylib
0x000000000a41c000 	/System/Library/Frameworks/OpenGL.framework/Versions/A/Resources/GLEngine.bundle/GLEngine
0x000000000a41c000 	/System/Library/Frameworks/OpenGL.framework/Versions/A/Libraries/libGLProgrammability.dylib
0x0000000000000000 	/System/Library/Extensions/AppleIntelHD5000GraphicsGLDriver.bundle/Contents/MacOS/AppleIntelHD5000GraphicsGLDriver
0x000000000a41c000 	/System/Library/PrivateFrameworks/IOAccelerator.framework/Versions/A/IOAccelerator
0x000000000a41c000 	/System/Library/PrivateFrameworks/GPUSupport.framework/Versions/A/Libraries/libGPUSupportMercury.dylib
0x000000000a41c000 	/System/Library/Frameworks/OpenGL.framework/Versions/A/Resources/GLRendererFloat.bundle/GLRendererFloat
0x000000000a41c000 	/System/Library/Frameworks/OpenCL.framework/Versions/A/Libraries/libcldcpuengine.dylib
0x000000011efc8000 	/Applications/Greenfoot 2.4.0/Greenfoot.app/Contents/Frameworks/jdk.framework/Versions/A/Contents/Home/jre/lib/libnio.dylib
0x000000011dc9b000 	/Applications/Greenfoot 2.4.0/Greenfoot.app/Contents/Frameworks/jdk.framework/Versions/A/Contents/Home/jre/lib/libosxui.dylib
0x0000000120f8b000 	/Applications/Greenfoot 2.4.0/Greenfoot.app/Contents/Frameworks/jdk.framework/Versions/A/Contents/Home/jre/lib/libjpeg.dylib
0x000000000a41c000 	/System/Library/Frameworks/ApplicationServices.framework/Versions/A/Frameworks/ATS.framework/Versions/A/Resources/libTrueTypeScaler.dylib

VM Arguments:
jvm_args: -Xincgc -Dawt.useSystemAAFontSettings=on -agentlib:jdwp=transport=dt_socket,address=127.0.0.1:50448 -Dfile.encoding=UTF-8 
java_command: bluej.runtime.ExecServer UTF-8
Launcher Type: SUN_STANDARD

Environment Variables:
PATH=/usr/bin:/bin:/usr/sbin:/sbin
SHELL=/bin/bash

Signal Handlers:
SIGSEGV: [libjvm.dylib+0x52b6c9], sa_mask[0]=0xfffefeff, sa_flags=0x00000043
SIGBUS: [libjvm.dylib+0x52b6c9], sa_mask[0]=0xfffefeff, sa_flags=0x00000042
SIGFPE: [libjvm.dylib+0x41deaa], sa_mask[0]=0xfffefeff, sa_flags=0x00000042
SIGPIPE: [libjvm.dylib+0x41deaa], sa_mask[0]=0xfffefeff, sa_flags=0x00000042
SIGXFSZ: [libjvm.dylib+0x41deaa], sa_mask[0]=0xfffefeff, sa_flags=0x00000042
SIGILL: [libjvm.dylib+0x41deaa], sa_mask[0]=0xfffefeff, sa_flags=0x00000042
SIGUSR1: SIG_DFL, sa_mask[0]=0x00000000, sa_flags=0x00000002
SIGUSR2: [libjvm.dylib+0x41d99c], sa_mask[0]=0x00000004, sa_flags=0x00000042
SIGHUP: [libjvm.dylib+0x41bc2d], sa_mask[0]=0xfffefeff, sa_flags=0x00000042
SIGINT: [libjvm.dylib+0x41bc2d], sa_mask[0]=0xfffefeff, sa_flags=0x00000042
SIGTERM: [libjvm.dylib+0x41bc2d], sa_mask[0]=0xfffefeff, sa_flags=0x00000042
SIGQUIT: [libjvm.dylib+0x41bc2d], sa_mask[0]=0xfffefeff, sa_flags=0x00000042


---------------  S Y S T E M  ---------------

OS:Bsduname:Darwin 13.4.0 Darwin Kernel Version 13.4.0: Sun Aug 17 19:50:11 PDT 2014; root:xnu-2422.115.4~1/RELEASE_X86_64 x86_64
rlimit: STACK 8192k, CORE 0k, NPROC 709, NOFILE 10240, AS infinity
load average:1.10 1.19 1.25

CPU:total 4 (2 cores per cpu, 2 threads per core) family 6 model 69 stepping 1, cmov, cx8, fxsr, mmx, sse, sse2, sse3, ssse3, sse4.1, sse4.2, popcnt, avx, avx2, aes, erms, ht, tsc, tscinvbit

Memory: 4k page, physical 8388608k(2097152k free)

/proc/meminfo:


vm_info: Java HotSpot(TM) 64-Bit Server VM (24.65-b04) for bsd-amd64 JRE (1.7.0_65-b17), built on Jun 16 2014 20:31:25 by "java_re" with gcc 4.2.1 (Based on Apple Inc. build 5658) (LLVM build 2336.11.00)

time: Mon Dec 15 11:11:11 2014
elapsed time: 1253 seconds

